<?xml version="1.0" encoding="UTF-8"?>
<testsuite name="com.UTN.APIRest.ApiRestApplicationTests" tests="1" skipped="0" failures="0" errors="0" timestamp="2023-10-12T00:50:20" hostname="DESKTOP-1GC9VBN" time="1.01">
  <properties/>
  <testcase name="contextLoads()" classname="com.UTN.APIRest.ApiRestApplicationTests" time="1.01"/>
  <system-out><![CDATA[21:50:10.579 [Test worker] INFO org.springframework.test.context.support.AnnotationConfigContextLoaderUtils -- Could not detect default configuration classes for test class [com.UTN.APIRest.ApiRestApplicationTests]: ApiRestApplicationTests does not declare any static, non-private, non-final, nested classes annotated with @Configuration.
21:50:10.741 [Test worker] INFO org.springframework.boot.test.context.SpringBootTestContextBootstrapper -- Found @SpringBootConfiguration com.UTN.APIRest.ApiRestApplication for test class com.UTN.APIRest.ApiRestApplicationTests

  .   ____          _            __ _ _
 /\\ / ___'_ __ _ _(_)_ __  __ _ \ \ \ \
( ( )\___ | '_ | '_| | '_ \/ _` | \ \ \ \
 \\/  ___)| |_)| | | | | || (_| |  ) ) ) )
  '  |____| .__|_| |_|_| |_\__, | / / / /
 =========|_|==============|___/=/_/_/_/
 :: Spring Boot ::                (v3.1.4)

2023-10-11T21:50:11.374-03:00  INFO 9472 --- [    Test worker] c.UTN.APIRest.ApiRestApplicationTests    : Starting ApiRestApplicationTests using Java 17.0.8 with PID 9472 (started by Usuario in C:\Users\Usuario\Desktop\Primera-API-REST-consola-main)
2023-10-11T21:50:11.377-03:00  INFO 9472 --- [    Test worker] c.UTN.APIRest.ApiRestApplicationTests    : No active profile set, falling back to 1 default profile: "default"
2023-10-11T21:50:13.197-03:00  INFO 9472 --- [    Test worker] .s.d.r.c.RepositoryConfigurationDelegate : Bootstrapping Spring Data JPA repositories in DEFAULT mode.
2023-10-11T21:50:13.327-03:00  INFO 9472 --- [    Test worker] .s.d.r.c.RepositoryConfigurationDelegate : Finished Spring Data repository scanning in 117 ms. Found 5 JPA repository interfaces.
2023-10-11T21:50:14.094-03:00  INFO 9472 --- [    Test worker] o.hibernate.jpa.internal.util.LogHelper  : HHH000204: Processing PersistenceUnitInfo [name: default]
2023-10-11T21:50:14.205-03:00  INFO 9472 --- [    Test worker] org.hibernate.Version                    : HHH000412: Hibernate ORM core version 6.2.9.Final
2023-10-11T21:50:14.209-03:00  INFO 9472 --- [    Test worker] org.hibernate.cfg.Environment            : HHH000406: Using bytecode reflection optimizer
2023-10-11T21:50:14.481-03:00  INFO 9472 --- [    Test worker] o.h.b.i.BytecodeProviderInitiator        : HHH000021: Bytecode provider name : bytebuddy
2023-10-11T21:50:14.898-03:00  INFO 9472 --- [    Test worker] o.s.o.j.p.SpringPersistenceUnitInfo      : No LoadTimeWeaver setup: ignoring JPA class transformer
2023-10-11T21:50:14.928-03:00  INFO 9472 --- [    Test worker] com.zaxxer.hikari.HikariDataSource       : HikariPool-1 - Starting...
2023-10-11T21:50:15.270-03:00  INFO 9472 --- [    Test worker] com.zaxxer.hikari.pool.HikariPool        : HikariPool-1 - Added connection conn0: url=jdbc:h2:file:./API user=SA
2023-10-11T21:50:15.272-03:00  INFO 9472 --- [    Test worker] com.zaxxer.hikari.HikariDataSource       : HikariPool-1 - Start completed.
2023-10-11T21:50:15.960-03:00  INFO 9472 --- [    Test worker] o.h.b.i.BytecodeProviderInitiator        : HHH000021: Bytecode provider name : bytebuddy
2023-10-11T21:50:17.174-03:00  INFO 9472 --- [    Test worker] o.h.e.t.j.p.i.JtaPlatformInitiator       : HHH000490: Using JtaPlatform implementation: [org.hibernate.engine.transaction.jta.platform.internal.NoJtaPlatform]
2023-10-11T21:50:17.281-03:00  INFO 9472 --- [    Test worker] j.LocalContainerEntityManagerFactoryBean : Initialized JPA EntityManagerFactory for persistence unit 'default'
2023-10-11T21:50:17.848-03:00  INFO 9472 --- [    Test worker] o.s.d.j.r.query.QueryEnhancerFactory     : Hibernate is in classpath; If applicable, HQL parser will be used.
2023-10-11T21:50:19.493-03:00  WARN 9472 --- [    Test worker] JpaBaseConfiguration$JpaWebConfiguration : spring.jpa.open-in-view is enabled by default. Therefore, database queries may be performed during view rendering. Explicitly configure spring.jpa.open-in-view to disable this warning
2023-10-11T21:50:20.622-03:00  INFO 9472 --- [    Test worker] o.s.b.a.h2.H2ConsoleAutoConfiguration    : H2 console available at '/h2-console'. Database available at 'jdbc:h2:file:./API'
2023-10-11T21:50:20.719-03:00  INFO 9472 --- [    Test worker] c.UTN.APIRest.ApiRestApplicationTests    : Started ApiRestApplicationTests in 9.721 seconds (process running for 11.704)
]]></system-out>
  <system-err><![CDATA[]]></system-err>
</testsuite>
