<?xml version="1.0" encoding="UTF-8"?>
<testsuite name="com.UTN.APIRest.ApiRestApplicationTests" tests="1" skipped="0" failures="0" errors="0" timestamp="2023-10-04T23:31:37" hostname="LV-PCMR" time="0.76">
  <properties/>
  <testcase name="contextLoads()" classname="com.UTN.APIRest.ApiRestApplicationTests" time="0.76"/>
  <system-out><![CDATA[20:31:30.797 [Test worker] INFO org.springframework.test.context.support.AnnotationConfigContextLoaderUtils -- Could not detect default configuration classes for test class [com.UTN.APIRest.ApiRestApplicationTests]: ApiRestApplicationTests does not declare any static, non-private, non-final, nested classes annotated with @Configuration.
20:31:30.939 [Test worker] INFO org.springframework.boot.test.context.SpringBootTestContextBootstrapper -- Found @SpringBootConfiguration com.UTN.APIRest.ApiRestApplication for test class com.UTN.APIRest.ApiRestApplicationTests

  .   ____          _            __ _ _
 /\\ / ___'_ __ _ _(_)_ __  __ _ \ \ \ \
( ( )\___ | '_ | '_| | '_ \/ _` | \ \ \ \
 \\/  ___)| |_)| | | | | || (_| |  ) ) ) )
  '  |____| .__|_| |_|_| |_\__, | / / / /
 =========|_|==============|___/=/_/_/_/
 :: Spring Boot ::                (v3.1.4)

2023-10-04T20:31:31.476-03:00  INFO 7972 --- [    Test worker] c.UTN.APIRest.ApiRestApplicationTests    : Starting ApiRestApplicationTests using Java 17.0.8 with PID 7972 (started by Usuario in C:\Users\Usuario\Documents\SISTEMAS\3ro\Desarrollo SW\Sprints\Ajpa\EntregaTpAPIRestSinPaginacion-main)
2023-10-04T20:31:31.478-03:00  INFO 7972 --- [    Test worker] c.UTN.APIRest.ApiRestApplicationTests    : No active profile set, falling back to 1 default profile: "default"
2023-10-04T20:31:32.501-03:00  INFO 7972 --- [    Test worker] .s.d.r.c.RepositoryConfigurationDelegate : Bootstrapping Spring Data JPA repositories in DEFAULT mode.
2023-10-04T20:31:32.581-03:00  INFO 7972 --- [    Test worker] .s.d.r.c.RepositoryConfigurationDelegate : Finished Spring Data repository scanning in 72 ms. Found 5 JPA repository interfaces.
2023-10-04T20:31:33.245-03:00  INFO 7972 --- [    Test worker] o.hibernate.jpa.internal.util.LogHelper  : HHH000204: Processing PersistenceUnitInfo [name: default]
2023-10-04T20:31:33.324-03:00  INFO 7972 --- [    Test worker] org.hibernate.Version                    : HHH000412: Hibernate ORM core version 6.2.9.Final
2023-10-04T20:31:33.327-03:00  INFO 7972 --- [    Test worker] org.hibernate.cfg.Environment            : HHH000406: Using bytecode reflection optimizer
2023-10-04T20:31:33.531-03:00  INFO 7972 --- [    Test worker] o.h.b.i.BytecodeProviderInitiator        : HHH000021: Bytecode provider name : bytebuddy
2023-10-04T20:31:33.797-03:00  INFO 7972 --- [    Test worker] o.s.o.j.p.SpringPersistenceUnitInfo      : No LoadTimeWeaver setup: ignoring JPA class transformer
2023-10-04T20:31:33.820-03:00  INFO 7972 --- [    Test worker] com.zaxxer.hikari.HikariDataSource       : HikariPool-1 - Starting...
2023-10-04T20:31:34.112-03:00  INFO 7972 --- [    Test worker] com.zaxxer.hikari.pool.HikariPool        : HikariPool-1 - Added connection conn0: url=jdbc:h2:file:./DarioDB user=SA
2023-10-04T20:31:34.115-03:00  INFO 7972 --- [    Test worker] com.zaxxer.hikari.HikariDataSource       : HikariPool-1 - Start completed.
2023-10-04T20:31:34.467-03:00  INFO 7972 --- [    Test worker] o.h.b.i.BytecodeProviderInitiator        : HHH000021: Bytecode provider name : bytebuddy
2023-10-04T20:31:35.250-03:00  INFO 7972 --- [    Test worker] o.h.e.t.j.p.i.JtaPlatformInitiator       : HHH000490: Using JtaPlatform implementation: [org.hibernate.engine.transaction.jta.platform.internal.NoJtaPlatform]
2023-10-04T20:31:35.319-03:00  INFO 7972 --- [    Test worker] j.LocalContainerEntityManagerFactoryBean : Initialized JPA EntityManagerFactory for persistence unit 'default'
2023-10-04T20:31:36.161-03:00  WARN 7972 --- [    Test worker] JpaBaseConfiguration$JpaWebConfiguration : spring.jpa.open-in-view is enabled by default. Therefore, database queries may be performed during view rendering. Explicitly configure spring.jpa.open-in-view to disable this warning
2023-10-04T20:31:37.054-03:00  INFO 7972 --- [    Test worker] o.s.b.a.h2.H2ConsoleAutoConfiguration    : H2 console available at '/h2-console'. Database available at 'jdbc:h2:file:./DarioDB'
2023-10-04T20:31:37.116-03:00  INFO 7972 --- [    Test worker] c.UTN.APIRest.ApiRestApplicationTests    : Started ApiRestApplicationTests in 5.954 seconds (process running for 7.478)
]]></system-out>
  <system-err><![CDATA[]]></system-err>
</testsuite>
